This is pdfTeX, Version 3.141592653-2.6-1.40.24 (TeX Live 2022) (preloaded format=pdflatex 2022.5.22)  18 SEP 2023 10:35
entering extended mode
 restricted \write18 enabled.
 %&-line parsing enabled.
**cv.tex
(./cv.tex
LaTeX2e <2021-11-15> patch level 1
L3 programming layer <2022-02-24>
(/usr/local/texlive/2022basic/texmf-dist/tex/latex/base/article.cls
Document Class: article 2021/10/04 v1.4n Standard LaTeX document class
(/usr/local/texlive/2022basic/texmf-dist/tex/latex/base/size10.clo
File: size10.clo 2021/10/04 v1.4n Standard LaTeX file (size option)
)
\c@part=\count185
\c@section=\count186
\c@subsection=\count187
\c@subsubsection=\count188
\c@paragraph=\count189
\c@subparagraph=\count190
\c@figure=\count191
\c@table=\count192
\abovecaptionskip=\skip47
\belowcaptionskip=\skip48
\bibindent=\dimen138
)
(/usr/local/texlive/2022basic/texmf-dist/tex/latex/geometry/geometry.sty
Package: geometry 2020/01/02 v5.9 Page Geometry

(/usr/local/texlive/2022basic/texmf-dist/tex/latex/graphics/keyval.sty
Package: keyval 2014/10/28 v1.15 key=value parser (DPC)
\KV@toks@=\toks16
)
(/usr/local/texlive/2022basic/texmf-dist/tex/generic/iftex/ifvtex.sty
Package: ifvtex 2019/10/25 v1.7 ifvtex legacy package. Use iftex instead.

(/usr/local/texlive/2022basic/texmf-dist/tex/generic/iftex/iftex.sty
Package: iftex 2022/02/03 v1.0f TeX engine tests
))
\Gm@cnth=\count193
\Gm@cntv=\count194
\c@Gm@tempcnt=\count195
\Gm@bindingoffset=\dimen139
\Gm@wd@mp=\dimen140
\Gm@odd@mp=\dimen141
\Gm@even@mp=\dimen142
\Gm@layoutwidth=\dimen143
\Gm@layoutheight=\dimen144
\Gm@layouthoffset=\dimen145
\Gm@layoutvoffset=\dimen146
\Gm@dimlist=\toks17
)
(/usr/local/texlive/2022basic/texmf-dist/tex/latex/parskip/parskip.sty
Package: parskip 2021-03-14 v2.0h non-zero parskip adjustments

(/usr/local/texlive/2022basic/texmf-dist/tex/latex/kvoptions/kvoptions.sty
Package: kvoptions 2020-10-07 v3.14 Key value format for package options (HO)

(/usr/local/texlive/2022basic/texmf-dist/tex/generic/ltxcmds/ltxcmds.sty
Package: ltxcmds 2020-05-10 v1.25 LaTeX kernel commands for general use (HO)
)
(/usr/local/texlive/2022basic/texmf-dist/tex/generic/kvsetkeys/kvsetkeys.sty
Package: kvsetkeys 2019/12/15 v1.18 Key value parser (HO)
))
(/usr/local/texlive/2022basic/texmf-dist/tex/latex/etoolbox/etoolbox.sty
Package: etoolbox 2020/10/05 v2.5k e-TeX tools for LaTeX (JAW)
\etb@tempcnta=\count196
))
(/usr/local/texlive/2022basic/texmf-dist/tex/latex/l3backend/l3backend-pdftex.d
ef
File: l3backend-pdftex.def 2022-02-07 L3 backend support: PDF output (pdfTeX)
\l__color_backend_stack_int=\count197
\l__pdf_internal_box=\box50
) (./cv.aux)
\openout1 = `cv.aux'.

LaTeX Font Info:    Checking defaults for OML/cmm/m/it on input line 8.
LaTeX Font Info:    ... okay on input line 8.
LaTeX Font Info:    Checking defaults for OMS/cmsy/m/n on input line 8.
LaTeX Font Info:    ... okay on input line 8.
LaTeX Font Info:    Checking defaults for OT1/cmr/m/n on input line 8.
LaTeX Font Info:    ... okay on input line 8.
LaTeX Font Info:    Checking defaults for T1/cmr/m/n on input line 8.
LaTeX Font Info:    ... okay on input line 8.
LaTeX Font Info:    Checking defaults for TS1/cmr/m/n on input line 8.
LaTeX Font Info:    ... okay on input line 8.
LaTeX Font Info:    Checking defaults for OMX/cmex/m/n on input line 8.
LaTeX Font Info:    ... okay on input line 8.
LaTeX Font Info:    Checking defaults for U/cmr/m/n on input line 8.
LaTeX Font Info:    ... okay on input line 8.

*geometry* driver: auto-detecting
*geometry* detected driver: pdftex
*geometry* verbose mode - [ preamble ] result:
* driver: pdftex
* paper: letterpaper
* layout: <same size as paper>
* layoutoffset:(h,v)=(0.0pt,0.0pt)
* modes: 
* h-part:(L,W,R)=(72.26999pt, 469.75502pt, 72.26999pt)
* v-part:(T,H,B)=(72.26999pt, 650.43001pt, 72.26999pt)
* \paperwidth=614.295pt
* \paperheight=794.96999pt
* \textwidth=469.75502pt
* \textheight=650.43001pt
* \oddsidemargin=0.0pt
* \evensidemargin=0.0pt
* \topmargin=-37.0pt
* \headheight=12.0pt
* \headsep=25.0pt
* \topskip=10.0pt
* \footskip=30.0pt
* \marginparwidth=65.0pt
* \marginparsep=11.0pt
* \columnsep=10.0pt
* \skip\footins=9.0pt plus 4.0pt minus 2.0pt
* \hoffset=0.0pt
* \voffset=0.0pt
* \mag=1000
* \@twocolumnfalse
* \@twosidefalse
* \@mparswitchfalse
* \@reversemarginfalse
* (1in=72.27pt=25.4mm, 1cm=28.453pt)


Underfull \hbox (badness 10000) in paragraph at lines 13--17

 []


! LaTeX Error: \begin{document} ended by \end{flushleft}.

See the LaTeX manual or LaTeX Companion for explanation.
Type  H <return>  for immediate help.
 ...                                              
                                                  
l.17 \end{flushleft}
                    
? 
! Extra \endgroup.
<recently read> \endgroup 
                          
l.17 \end{flushleft}
                    
? 

Underfull \hbox (badness 10000) in paragraph at lines 23--30

 []


Underfull \hbox (badness 10000) in paragraph at lines 23--30

 []


Underfull \hbox (badness 10000) in paragraph at lines 34--41

 []


Underfull \hbox (badness 10000) in paragraph at lines 34--41

 []


Underfull \hbox (badness 10000) in paragraph at lines 44--59

 []


Underfull \hbox (badness 10000) in paragraph at lines 44--59

 []


Underfull \hbox (badness 10000) in paragraph at lines 60--69

 []

[1

{/usr/local/texlive/2022basic/texmf-var/fonts/map/pdftex/updmap/pdftex.map}]
Underfull \hbox (badness 10000) in paragraph at lines 73--74

 []


Underfull \hbox (badness 10000) in paragraph at lines 75--76

 []


! LaTeX Error: There's no line here to end.

See the LaTeX manual or LaTeX Companion for explanation.
Type  H <return>  for immediate help.
 ...                                              
                                                  
l.81 \textbf
            {Graduate Teaching Assistantship}\\
? 

Underfull \hbox (badness 10000) in paragraph at lines 81--94

 []


Underfull \hbox (badness 10000) in paragraph at lines 81--94

 []


Underfull \hbox (badness 10000) in paragraph at lines 97--123

 []


Underfull \hbox (badness 10000) in paragraph at lines 97--123

 []


Underfull \hbox (badness 10000) in paragraph at lines 97--123

 []


Underfull \hbox (badness 10000) in paragraph at lines 97--123

 []


Underfull \hbox (badness 10000) in paragraph at lines 97--123

 []


Underfull \hbox (badness 10000) in paragraph at lines 97--123

 []


Underfull \hbox (badness 10000) in paragraph at lines 97--123

 []


Overfull \hbox (0.47702pt too wide) in paragraph at lines 97--123
\OT1/cmr/bx/n/10 James G. Du-Bose\OT1/cmr/m/n/10 , Hunter Olsen, Tamara S. Hase
lkorn. \OT1/cmr/m/it/10 Preva-lence and Ge-netic Di-ver-sity of the Burkholde-
 []


Underfull \hbox (badness 10000) in paragraph at lines 97--123

 []


Underfull \hbox (badness 10000) in paragraph at lines 97--123

 []

[2]
Underfull \hbox (badness 10000) in paragraph at lines 126--138

 []


Underfull \hbox (badness 10000) in paragraph at lines 126--138

 []


Underfull \hbox (badness 10000) in paragraph at lines 126--138

 []


! LaTeX Error: There's no line here to end.

See the LaTeX manual or LaTeX Companion for explanation.
Type  H <return>  for immediate help.
 ...                                              
                                                  
l.143 \textbf
             {Development of Programming Education Resources for Historicall...

? 

Underfull \hbox (badness 10000) in paragraph at lines 143--156

 []


Underfull \hbox (badness 10000) in paragraph at lines 143--156

 []


Underfull \hbox (badness 10000) in paragraph at lines 143--156

 []


Underfull \hbox (badness 10000) in paragraph at lines 143--156

 []

[3]
Underfull \hbox (badness 10000) in paragraph at lines 159--173

 []


Underfull \hbox (badness 10000) in paragraph at lines 159--173

 []


Underfull \hbox (badness 10000) in paragraph at lines 159--173

 []


Underfull \hbox (badness 10000) in paragraph at lines 159--173

 []


Underfull \hbox (badness 10000) in paragraph at lines 159--173

 []


! LaTeX Error: \begin{document} ended by \end{multicols}.

See the LaTeX manual or LaTeX Companion for explanation.
Type  H <return>  for immediate help.
 ...                                              
                                                  
l.191 \end{multicols}
                     
? 
! Extra \endgroup.
<recently read> \endgroup 
                          
l.191 \end{multicols}
                     
? 

Underfull \hbox (badness 10000) in paragraph at lines 177--193

 []


Underfull \hbox (badness 10000) in paragraph at lines 177--193

 []


Underfull \hbox (badness 10000) in paragraph at lines 177--193

 []


Underfull \hbox (badness 10000) in paragraph at lines 177--193

 []

[4] (./cv.aux) ) 
Here is how much of TeX's memory you used:
 1727 strings out of 479719
 28694 string characters out of 5880574
 332883 words of memory out of 5000000
 19768 multiletter control sequences out of 15000+600000
 470845 words of font info for 33 fonts, out of 8000000 for 9000
 319 hyphenation exceptions out of 8191
 55i,5n,62p,495b,162s stack positions out of 10000i,1000n,20000p,200000b,200000s
 </Users/gabe/Library/texlive/2022basic/texmf-var/fonts/pk/ljfo
ur/jknappen/ec/tcrm1000.600pk></usr/local/texlive/2022basic/texmf-dist/fonts/ty
pe1/public/amsfonts/cm/cmbx10.pfb></usr/local/texlive/2022basic/texmf-dist/font
s/type1/public/amsfonts/cm/cmr10.pfb></usr/local/texlive/2022basic/texmf-dist/f
onts/type1/public/amsfonts/cm/cmr12.pfb></usr/local/texlive/2022basic/texmf-dis
t/fonts/type1/public/amsfonts/cm/cmr17.pfb></usr/local/texlive/2022basic/texmf-
dist/fonts/type1/public/amsfonts/cm/cmti10.pfb>
Output written on cv.pdf (4 pages, 97606 bytes).
PDF statistics:
 47 PDF objects out of 1000 (max. 8388607)
 29 compressed objects within 1 object stream
 0 named destinations out of 1000 (max. 500000)
 1 words of extra memory for PDF output out of 10000 (max. 10000000)

